<?xml version="1.0" encoding="UTF-8"?>
<testng-results ignored="0" total="1" passed="1" failed="0" skipped="0">
  <reporter-output>
  </reporter-output>
  <suite started-at="2024-02-08T09:55:17 IST" name="Default suite" finished-at="2024-02-08T09:55:19 IST" duration-ms="2050">
    <groups>
    </groups>
    <test started-at="2024-02-08T09:55:17 IST" name="Default test" finished-at="2024-02-08T09:55:19 IST" duration-ms="2050">
      <class name="review.DeleteReview">
        <test-method signature="deletereview()[pri:0, instance:review.DeleteReview@3bb9a3ff]" started-at="2024-02-08T09:55:17 IST" name="deletereview" finished-at="2024-02-08T09:55:19 IST" duration-ms="2006" status="PASS">
          <reporter-output>
          </reporter-output>
        </test-method> <!-- deletereview -->
      </class> <!-- review.DeleteReview -->
    </test> <!-- Default test -->
  </suite> <!-- Default suite -->
</testng-results>
