<?xml version="1.0" encoding="UTF-8"?>
<testng-results ignored="0" total="1" passed="1" failed="0" skipped="0">
  <reporter-output>
  </reporter-output>
  <suite started-at="2024-02-02T17:18:53 IST" name="Default suite" finished-at="2024-02-02T17:18:54 IST" duration-ms="1390">
    <groups>
    </groups>
    <test started-at="2024-02-02T17:18:53 IST" name="Default test" finished-at="2024-02-02T17:18:54 IST" duration-ms="1390">
      <class name="validating.SingleResource">
        <test-method signature="single()[pri:0, instance:validating.SingleResource@5af3afd9]" started-at="2024-02-02T17:18:53 IST" name="single" finished-at="2024-02-02T17:18:54 IST" duration-ms="1342" status="PASS">
          <reporter-output>
          </reporter-output>
        </test-method> <!-- single -->
      </class> <!-- validating.SingleResource -->
    </test> <!-- Default test -->
  </suite> <!-- Default suite -->
</testng-results>
